I1009 02:48:09.262101       1 flags.go:64] FLAG: --allow-metric-labels="[]"
I1009 02:48:09.262187       1 flags.go:64] FLAG: --allow-metric-labels-manifest=""
I1009 02:48:09.262193       1 flags.go:64] FLAG: --authentication-kubeconfig=""
I1009 02:48:09.262195       1 flags.go:64] FLAG: --authentication-skip-lookup="false"
I1009 02:48:09.262199       1 flags.go:64] FLAG: --authentication-token-webhook-cache-ttl="10s"
I1009 02:48:09.262202       1 flags.go:64] FLAG: --authentication-tolerate-lookup-failure="true"
I1009 02:48:09.262204       1 flags.go:64] FLAG: --authorization-always-allow-paths="[/healthz,/readyz,/livez]"
I1009 02:48:09.262210       1 flags.go:64] FLAG: --authorization-kubeconfig=""
I1009 02:48:09.262211       1 flags.go:64] FLAG: --authorization-webhook-cache-authorized-ttl="10s"
I1009 02:48:09.262213       1 flags.go:64] FLAG: --authorization-webhook-cache-unauthorized-ttl="10s"
I1009 02:48:09.262215       1 flags.go:64] FLAG: --bind-address="0.0.0.0"
I1009 02:48:09.262218       1 flags.go:64] FLAG: --cert-dir=""
I1009 02:48:09.262220       1 flags.go:64] FLAG: --client-ca-file=""
I1009 02:48:09.262222       1 flags.go:64] FLAG: --config="/etc/kubernetes/scheduler-config.yaml"
I1009 02:48:09.262224       1 flags.go:64] FLAG: --contention-profiling="true"
I1009 02:48:09.262226       1 flags.go:64] FLAG: --disabled-metrics="[]"
I1009 02:48:09.262228       1 flags.go:64] FLAG: --feature-gates=""
I1009 02:48:09.262232       1 flags.go:64] FLAG: --help="false"
I1009 02:48:09.262234       1 flags.go:64] FLAG: --http2-max-streams-per-connection="0"
I1009 02:48:09.262236       1 flags.go:64] FLAG: --kube-api-burst="100"
I1009 02:48:09.262239       1 flags.go:64] FLAG: --kube-api-content-type="application/vnd.kubernetes.protobuf"
I1009 02:48:09.262241       1 flags.go:64] FLAG: --kube-api-qps="50"
I1009 02:48:09.262244       1 flags.go:64] FLAG: --kubeconfig=""
I1009 02:48:09.262246       1 flags.go:64] FLAG: --leader-elect="true"
I1009 02:48:09.262247       1 flags.go:64] FLAG: --leader-elect-lease-duration="15s"
I1009 02:48:09.262250       1 flags.go:64] FLAG: --leader-elect-renew-deadline="10s"
I1009 02:48:09.262252       1 flags.go:64] FLAG: --leader-elect-resource-lock="leases"
I1009 02:48:09.262254       1 flags.go:64] FLAG: --leader-elect-resource-name="kube-scheduler"
I1009 02:48:09.262256       1 flags.go:64] FLAG: --leader-elect-resource-namespace="kube-system"
I1009 02:48:09.262258       1 flags.go:64] FLAG: --leader-elect-retry-period="2s"
I1009 02:48:09.262259       1 flags.go:64] FLAG: --log-flush-frequency="5s"
I1009 02:48:09.262261       1 flags.go:64] FLAG: --log-text-info-buffer-size="0"
I1009 02:48:09.262298       1 flags.go:64] FLAG: --log-text-split-stream="false"
I1009 02:48:09.262303       1 flags.go:64] FLAG: --logging-format="text"
I1009 02:48:09.262306       1 flags.go:64] FLAG: --master=""
I1009 02:48:09.262308       1 flags.go:64] FLAG: --permit-address-sharing="false"
I1009 02:48:09.262310       1 flags.go:64] FLAG: --permit-port-sharing="false"
I1009 02:48:09.262312       1 flags.go:64] FLAG: --pod-max-in-unschedulable-pods-duration="5m0s"
I1009 02:48:09.262314       1 flags.go:64] FLAG: --profiling="true"
I1009 02:48:09.262317       1 flags.go:64] FLAG: --requestheader-allowed-names="[]"
I1009 02:48:09.262323       1 flags.go:64] FLAG: --requestheader-client-ca-file=""
I1009 02:48:09.262324       1 flags.go:64] FLAG: --requestheader-extra-headers-prefix="[x-remote-extra-]"
I1009 02:48:09.262327       1 flags.go:64] FLAG: --requestheader-group-headers="[x-remote-group]"
I1009 02:48:09.262332       1 flags.go:64] FLAG: --requestheader-username-headers="[x-remote-user]"
I1009 02:48:09.262335       1 flags.go:64] FLAG: --secure-port="10259"
I1009 02:48:09.262337       1 flags.go:64] FLAG: --show-hidden-metrics-for-version=""
I1009 02:48:09.262338       1 flags.go:64] FLAG: --tls-cert-file=""
I1009 02:48:09.262340       1 flags.go:64] FLAG: --tls-cipher-suites="[]"
I1009 02:48:09.262342       1 flags.go:64] FLAG: --tls-min-version=""
I1009 02:48:09.262344       1 flags.go:64] FLAG: --tls-private-key-file=""
I1009 02:48:09.262346       1 flags.go:64] FLAG: --tls-sni-cert-key="[]"
I1009 02:48:09.262350       1 flags.go:64] FLAG: --v="1"
I1009 02:48:09.262355       1 flags.go:64] FLAG: --version="false"
I1009 02:48:09.262359       1 flags.go:64] FLAG: --vmodule=""
I1009 02:48:09.262362       1 flags.go:64] FLAG: --write-config-to=""
I1009 02:48:09.582693       1 serving.go:380] Generated self-signed cert in-memory
E1009 02:48:09.583224       1 run.go:74] "command failed" err="strict decoding error: unknown field \"retryBackoff\""
